SF:lib\features\shared\data\models\address_model.dart
DA:23,1
LF:1
LH:1
end_of_record
SF:lib\features\shared\data\models\user_model.dart
DA:11,1
LF:1
LH:1
end_of_record
SF:lib\features\shared\data\models\user_with_count.dart
DA:16,1
LF:1
LH:1
end_of_record
SF:lib\features\users_screen\data\repositories\user_repository_impl.dart
DA:16,1
DA:18,2
DA:19,1
DA:20,1
DA:21,1
DA:22,2
DA:24,1
DA:25,2
DA:26,1
DA:27,1
DA:28,1
DA:29,1
DA:30,1
DA:33,1
DA:36,0
DA:37,0
DA:38,0
DA:39,0
DA:40,0
DA:43,0
DA:44,0
DA:46,0
DA:47,0
DA:48,0
DA:51,1
DA:54,2
DA:55,1
DA:56,2
DA:57,3
DA:58,2
DA:60,1
DA:62,0
DA:66,0
DA:69,0
DA:70,0
DA:72,0
DA:76,0
DA:79,0
DA:80,0
DA:81,0
DA:83,0
DA:85,0
DA:89,1
DA:92,2
DA:95,0
DA:99,0
DA:102,0
DA:103,0
DA:104,0
DA:105,0
DA:107,0
DA:111,0
DA:114,0
DA:117,0
DA:121,0
DA:123,0
DA:125,0
DA:127,0
DA:128,0
DA:129,0
DA:133,0
DA:137,1
DA:140,2
DA:142,1
DA:143,6
DA:145,1
DA:146,1
DA:148,0
LF:68
LH:29
end_of_record
SF:lib\features\shared\domain\entities\address.dart
DA:16,0
LF:1
LH:0
end_of_record
SF:lib\features\shared\domain\entities\address.g.dart
DA:9,0
DA:10,0
DA:11,0
DA:12,0
DA:13,0
DA:14,0
DA:15,0
DA:18,0
DA:19,0
DA:20,0
DA:21,0
DA:22,0
DA:23,0
DA:24,0
LF:14
LH:0
end_of_record
SF:lib\features\shared\domain\entities\user.dart
DA:17,0
LF:1
LH:0
end_of_record
SF:lib\features\shared\domain\entities\user.g.dart
DA:9,0
DA:10,0
DA:11,0
DA:12,0
DA:13,0
DA:14,0
DA:15,0
DA:16,0
DA:20,0
DA:21,0
DA:22,0
DA:23,0
DA:24,0
DA:25,0
DA:26,0
LF:15
LH:0
end_of_record
SF:lib\features\users_screen\domain\entities\user_summary.dart
DA:6,1
LF:1
LH:1
end_of_record
